<?xml version="1.0" encoding="UTF-8"?>
<testsuite xmlns:xsi="http://www.w3.org/2001/XMLSchema-instance" xsi:noNamespaceSchemaLocation="https://maven.apache.org/surefire/maven-surefire-plugin/xsd/surefire-test-report.xsd" version="3.0.2" name="it.jac.project_work.todo_list_be.TodoListBeApplicationTests" time="2.157" tests="1" errors="0" skipped="0" failures="0">
  <properties>
[...]
</properties>
  <testcase name="contextLoads" classname="it.jac.project_work.todo_list_be.TodoListBeApplicationTests" time="0.361">
    <system-out><![CDATA[10:21:25.933 [main] INFO org.springframework.test.context.support.AnnotationConfigContextLoaderUtils -- Could not detect default configuration classes for test class [it.jac.project_work.todo_list_be.TodoListBeApplicationTests]: TodoListBeApplicationTests does not declare any static, non-private, non-final, nested classes annotated with @Configuration.
10:21:25.980 [main] INFO org.springframework.boot.test.context.SpringBootTestContextBootstrapper -- Found @SpringBootConfiguration it.jac.project_work.todo_list_be.TodoListBeApplication for test class it.jac.project_work.todo_list_be.TodoListBeApplicationTests
10:21:26.082 [main] INFO org.springframework.boot.devtools.restart.RestartApplicationListener -- Restart disabled due to context in which it is running

  .   ____          _            __ _ _
 /\\ / ___'_ __ _ _(_)_ __  __ _ \ \ \ \
( ( )\___ | '_ | '_| | '_ \/ _` | \ \ \ \
 \\/  ___)| |_)| | | | | || (_| |  ) ) ) )
  '  |____| .__|_| |_|_| |_\__, | / / / /
 =========|_|==============|___/=/_/_/_/

 :: Spring Boot ::                (v3.4.0)

2024-12-10T10:21:26.205+01:00  INFO 28572 --- [todo_list_be] [           main] i.j.p.t.TodoListBeApplicationTests       : Starting TodoListBeApplicationTests using Java 23 with PID 28572 (started by francazumelli in /Users/francazumelli/Downloads/todo_list_be)
2024-12-10T10:21:26.205+01:00  INFO 28572 --- [todo_list_be] [           main] i.j.p.t.TodoListBeApplicationTests       : No active profile set, falling back to 1 default profile: "default"
2024-12-10T10:21:26.394+01:00  INFO 28572 --- [todo_list_be] [           main] .s.d.r.c.RepositoryConfigurationDelegate : Bootstrapping Spring Data JPA repositories in DEFAULT mode.
2024-12-10T10:21:26.402+01:00  INFO 28572 --- [todo_list_be] [           main] .s.d.r.c.RepositoryConfigurationDelegate : Finished Spring Data repository scanning in 4 ms. Found 0 JPA repository interfaces.
2024-12-10T10:21:26.548+01:00  INFO 28572 --- [todo_list_be] [           main] o.hibernate.jpa.internal.util.LogHelper  : HHH000204: Processing PersistenceUnitInfo [name: default]
2024-12-10T10:21:26.619+01:00  INFO 28572 --- [todo_list_be] [           main] org.hibernate.Version                    : HHH000412: Hibernate ORM core version 6.6.2.Final
2024-12-10T10:21:26.652+01:00  INFO 28572 --- [todo_list_be] [           main] o.h.c.internal.RegionFactoryInitiator    : HHH000026: Second-level cache disabled
2024-12-10T10:21:26.846+01:00  INFO 28572 --- [todo_list_be] [           main] o.s.o.j.p.SpringPersistenceUnitInfo      : No LoadTimeWeaver setup: ignoring JPA class transformer
2024-12-10T10:21:26.859+01:00  INFO 28572 --- [todo_list_be] [           main] com.zaxxer.hikari.HikariDataSource       : HikariPool-1 - Starting...
2024-12-10T10:21:27.341+01:00  INFO 28572 --- [todo_list_be] [           main] com.zaxxer.hikari.pool.HikariPool        : HikariPool-1 - Added connection com.mysql.cj.jdbc.ConnectionImpl@4c5da4f9
2024-12-10T10:21:27.342+01:00  INFO 28572 --- [todo_list_be] [           main] com.zaxxer.hikari.HikariDataSource       : HikariPool-1 - Start completed.
2024-12-10T10:21:27.414+01:00  INFO 28572 --- [todo_list_be] [           main] org.hibernate.orm.connections.pooling    : HHH10001005: Database info:
	Database JDBC URL [Connecting through datasource 'HikariDataSource (HikariPool-1)']
	Database driver: undefined/unknown
	Database version: 9.0.1
	Autocommit mode: undefined/unknown
	Isolation level: undefined/unknown
	Minimum pool size: undefined/unknown
	Maximum pool size: undefined/unknown
2024-12-10T10:21:27.553+01:00  INFO 28572 --- [todo_list_be] [           main] o.h.e.t.j.p.i.JtaPlatformInitiator       : HHH000489: No JTA platform available (set 'hibernate.transaction.jta.platform' to enable JTA platform integration)
2024-12-10T10:21:27.557+01:00  INFO 28572 --- [todo_list_be] [           main] j.LocalContainerEntityManagerFactoryBean : Initialized JPA EntityManagerFactory for persistence unit 'default'
2024-12-10T10:21:27.633+01:00  INFO 28572 --- [todo_list_be] [           main] i.j.p.t.TodoListBeApplicationTests       : Started TodoListBeApplicationTests in 1.558 seconds (process running for 2.05)
]]></system-out>
    <system-err><![CDATA[Mockito is currently self-attaching to enable the inline-mock-maker. This will no longer work in future releases of the JDK. Please add Mockito as an agent to your build what is described in Mockito's documentation: https://javadoc.io/doc/org.mockito/mockito-core/latest/org/mockito/Mockito.html#0.3
WARNING: A Java agent has been loaded dynamically (/Users/francazumelli/.m2/repository/net/bytebuddy/byte-buddy-agent/1.15.10/byte-buddy-agent-1.15.10.jar)
WARNING: If a serviceability tool is in use, please run with -XX:+EnableDynamicAgentLoading to hide this warning
WARNING: If a serviceability tool is not in use, please run with -Djdk.instrument.traceUsage for more information
WARNING: Dynamic loading of agents will be disallowed by default in a future release
]]></system-err>
  </testcase>
</testsuite>